{
  "0 debug pnpm:scope": {
    "selected": 1
  },
  "1 debug pnpm:package-manifest": {
    "initial": {
      "name": "test-ci-coverage-action",
      "version": "1.0.0",
      "description": "",
      "main": "index.js",
      "scripts": {
        "test": "echo \"Error: no test specified\" && exit 1",
        "ci:test:coverage": "jest --coverage --runInBand"
      },
      "devDependencies": {
        "@jest/types": "28.1.0",
        "@types/conventional-recommended-bump": "^6.1.0",
        "@types/fs-extra": "^9.0.13",
        "@types/jest": "27.5.1",
        "@types/node": "^14",
        "@types/node-fetch": "2",
        "@types/prompts": "^2.0.14",
        "@types/semver": "^7.3.9",
        "@types/shelljs": "^0.8.11",
        "@types/web": "^0.0.65",
        "@types/yargs": "^17.0.10",
        "@typescript-eslint/eslint-plugin": "^5.6.0",
        "@typescript-eslint/parser": "^5.6.0",
        "conventional-changelog-angular": "^5.0.13",
        "conventional-recommended-bump": "^6.1.0",
        "dotenv": "^9.0.2",
        "eslint": "^8.4.1",
        "eslint-config-airbnb-base": "^15.0.0",
        "eslint-config-airbnb-typescript": "^16.1.0",
        "eslint-config-prettier": "^8.3.0",
        "eslint-plugin-eslint-comments": "^3.2.0",
        "eslint-plugin-import": "^2.25.3",
        "eslint-plugin-jsdoc": "^37.2.0",
        "eslint-plugin-jsx-a11y": "^6.5.1",
        "eslint-plugin-prettier": "^4.0.0",
        "eslint-plugin-react": "^7.27.1",
        "eslint-plugin-react-hooks": "^4.3.0",
        "eslint-plugin-tsdoc": "^0.2.14",
        "ethers": "^5.6.5",
        "forc-bin": "workspace:*",
        "fs-extra": "^10.1.0",
        "jest": "28.1.0",
        "markdownlint": "^0.23.1",
        "markdownlint-cli": "^0.27.1",
        "node-fetch": "2",
        "npm-run-all": "^4.1.5",
        "open": "^8.4.0",
        "ora": "5.4.1",
        "prettier": "^2.5.1",
        "prompts": "^2.4.2",
        "semver": "^7.3.7",
        "shelljs": "^0.8.5",
        "ts-generator": "^0.1.1",
        "ts-jest": "28.0.2",
        "ts-node": "^10.7.0",
        "tsup": "^5.12.6",
        "turbo": "^1.2.6",
        "typechain": "^8.0.0",
        "typedoc": "^0.22.11",
        "typedoc-just-the-docs-theme": "^0.0.1",
        "typedoc-monorepo-link-types": "^0.0.2",
        "typedoc-plugin-markdown": "^3.11.12",
        "typedoc-plugin-sourcefile-url": "^1.0.6",
        "typescript": "^4.5.2",
        "yargs": "^17.4.1"
      },
      "keywords": [],
      "author": "",
      "license": "ISC"
    },
    "prefix": "/Users/luizfelipebolsonigomes/Development/Personal/test-ci-coverage-action"
  },
  "2 debug pnpm:context": {
    "currentLockfileExists": false,
    "storeDir": "/Users/luizfelipebolsonigomes/Library/pnpm/store/v3",
    "virtualStoreDir": "/Users/luizfelipebolsonigomes/Development/Personal/test-ci-coverage-action/node_modules/.pnpm"
  },
  "3 debug pnpm:stage": {
    "prefix": "/Users/luizfelipebolsonigomes/Development/Personal/test-ci-coverage-action",
    "stage": "resolution_started"
  },
  "4 debug pnpm:_dependency_resolved": {
    "resolution": "registry.npmjs.org/@jest/types/28.1.0",
    "wanted": {
      "dependentId": ".",
      "name": "@jest/types",
      "rawSpec": "28.1.0"
    }
  },
  "5 debug pnpm:progress": {
    "packageId": "registry.npmjs.org/@jest/types/28.1.0",
    "requester": "/Users/luizfelipebolsonigomes/Development/Personal/test-ci-coverage-action",
    "status": "resolved"
  },
  "6 debug pnpm:_dependency_resolved": {
    "resolution": "registry.npmjs.org/@types/jest/27.5.1",
    "wanted": {
      "dependentId": ".",
      "name": "@types/jest",
      "rawSpec": "27.5.1"
    }
  },
  "7 debug pnpm:progress": {
    "packageId": "registry.npmjs.org/@types/jest/27.5.1",
    "requester": "/Users/luizfelipebolsonigomes/Development/Personal/test-ci-coverage-action",
    "status": "resolved"
  },
  "8 debug pnpm:progress": {
    "packageId": "registry.npmjs.org/@jest/types/28.1.0",
    "requester": "/Users/luizfelipebolsonigomes/Development/Personal/test-ci-coverage-action",
    "status": "found_in_store"
  },
  "9 debug pnpm:progress": {
    "packageId": "registry.npmjs.org/@types/jest/27.5.1",
    "requester": "/Users/luizfelipebolsonigomes/Development/Personal/test-ci-coverage-action",
    "status": "found_in_store"
  },
  "10 debug pnpm:_dependency_resolved": {
    "resolution": "registry.npmjs.org/@types/node-fetch/2.6.2",
    "wanted": {
      "dependentId": ".",
      "name": "@types/node-fetch",
      "rawSpec": "2"
    }
  },
  "11 debug pnpm:progress": {
    "packageId": "registry.npmjs.org/@types/node-fetch/2.6.2",
    "requester": "/Users/luizfelipebolsonigomes/Development/Personal/test-ci-coverage-action",
    "status": "resolved"
  },
  "12 debug pnpm:progress": {
    "packageId": "registry.npmjs.org/@types/node-fetch/2.6.2",
    "requester": "/Users/luizfelipebolsonigomes/Development/Personal/test-ci-coverage-action",
    "status": "found_in_store"
  },
  "13 debug pnpm:_dependency_resolved": {
    "resolution": "registry.npmjs.org/dotenv/9.0.2",
    "wanted": {
      "dependentId": ".",
      "name": "dotenv",
      "rawSpec": "^9.0.2"
    }
  },
  "14 debug pnpm:progress": {
    "packageId": "registry.npmjs.org/dotenv/9.0.2",
    "requester": "/Users/luizfelipebolsonigomes/Development/Personal/test-ci-coverage-action",
    "status": "resolved"
  },
  "15 debug pnpm:progress": {
    "packageId": "registry.npmjs.org/dotenv/9.0.2",
    "requester": "/Users/luizfelipebolsonigomes/Development/Personal/test-ci-coverage-action",
    "status": "found_in_store"
  },
  "16 debug pnpm:_dependency_resolved": {
    "resolution": "registry.npmjs.org/@types/yargs/17.0.10",
    "wanted": {
      "dependentId": ".",
      "name": "@types/yargs",
      "rawSpec": "^17.0.10"
    }
  },
  "17 debug pnpm:progress": {
    "packageId": "registry.npmjs.org/@types/yargs/17.0.10",
    "requester": "/Users/luizfelipebolsonigomes/Development/Personal/test-ci-coverage-action",
    "status": "resolved"
  },
  "18 debug pnpm:progress": {
    "packageId": "registry.npmjs.org/@types/yargs/17.0.10",
    "requester": "/Users/luizfelipebolsonigomes/Development/Personal/test-ci-coverage-action",
    "status": "found_in_store"
  },
  "19 debug pnpm:_dependency_resolved": {
    "resolution": "registry.npmjs.org/@types/node/14.18.21",
    "wanted": {
      "dependentId": ".",
      "name": "@types/node",
      "rawSpec": "^14"
    }
  },
  "20 debug pnpm:progress": {
    "packageId": "registry.npmjs.org/@types/node/14.18.21",
    "requester": "/Users/luizfelipebolsonigomes/Development/Personal/test-ci-coverage-action",
    "status": "resolved"
  },
  "21 debug pnpm:progress": {
    "packageId": "registry.npmjs.org/@types/node/14.18.21",
    "requester": "/Users/luizfelipebolsonigomes/Development/Personal/test-ci-coverage-action",
    "status": "found_in_store"
  },
  "22 debug pnpm:_dependency_resolved": {
    "resolution": "registry.npmjs.org/conventional-recommended-bump/6.1.0",
    "wanted": {
      "dependentId": ".",
      "name": "conventional-recommended-bump",
      "rawSpec": "^6.1.0"
    }
  },
  "23 debug pnpm:progress": {
    "packageId": "registry.npmjs.org/conventional-recommended-bump/6.1.0",
    "requester": "/Users/luizfelipebolsonigomes/Development/Personal/test-ci-coverage-action",
    "status": "resolved"
  },
  "24 debug pnpm:progress": {
    "packageId": "registry.npmjs.org/conventional-recommended-bump/6.1.0",
    "requester": "/Users/luizfelipebolsonigomes/Development/Personal/test-ci-coverage-action",
    "status": "found_in_store"
  },
  "25 debug pnpm:_dependency_resolved": {
    "resolution": "registry.npmjs.org/eslint-plugin-import/2.26.0",
    "wanted": {
      "dependentId": ".",
      "name": "eslint-plugin-import",
      "rawSpec": "^2.25.3"
    }
  },
  "26 debug pnpm:progress": {
    "packageId": "registry.npmjs.org/eslint-plugin-import/2.26.0",
    "requester": "/Users/luizfelipebolsonigomes/Development/Personal/test-ci-coverage-action",
    "status": "resolved"
  },
  "27 debug pnpm:progress": {
    "packageId": "registry.npmjs.org/eslint-plugin-import/2.26.0",
    "requester": "/Users/luizfelipebolsonigomes/Development/Personal/test-ci-coverage-action",
    "status": "found_in_store"
  },
  "28 debug pnpm:_dependency_resolved": {
    "resolution": "registry.npmjs.org/eslint-config-prettier/8.5.0",
    "wanted": {
      "dependentId": ".",
      "name": "eslint-config-prettier",
      "rawSpec": "^8.3.0"
    }
  },
  "29 debug pnpm:progress": {
    "packageId": "registry.npmjs.org/eslint-config-prettier/8.5.0",
    "requester": "/Users/luizfelipebolsonigomes/Development/Personal/test-ci-coverage-action",
    "status": "resolved"
  },
  "30 debug pnpm:progress": {
    "packageId": "registry.npmjs.org/eslint-config-prettier/8.5.0",
    "requester": "/Users/luizfelipebolsonigomes/Development/Personal/test-ci-coverage-action",
    "status": "found_in_store"
  },
  "31 debug pnpm:_dependency_resolved": {
    "resolution": "registry.npmjs.org/eslint-config-airbnb-base/15.0.0",
    "wanted": {
      "dependentId": ".",
      "name": "eslint-config-airbnb-base",
      "rawSpec": "^15.0.0"
    }
  },
  "32 debug pnpm:progress": {
    "packageId": "registry.npmjs.org/eslint-config-airbnb-base/15.0.0",
    "requester": "/Users/luizfelipebolsonigomes/Development/Personal/test-ci-coverage-action",
    "status": "resolved"
  },
  "33 debug pnpm:progress": {
    "packageId": "registry.npmjs.org/eslint-config-airbnb-base/15.0.0",
    "requester": "/Users/luizfelipebolsonigomes/Development/Personal/test-ci-coverage-action",
    "status": "found_in_store"
  },
  "34 debug pnpm:_dependency_resolved": {
    "resolution": "registry.npmjs.org/eslint-config-airbnb-typescript/16.2.0",
    "wanted": {
      "dependentId": ".",
      "name": "eslint-config-airbnb-typescript",
      "rawSpec": "^16.1.0"
    }
  },
  "35 debug pnpm:progress": {
    "packageId": "registry.npmjs.org/eslint-config-airbnb-typescript/16.2.0",
    "requester": "/Users/luizfelipebolsonigomes/Development/Personal/test-ci-coverage-action",
    "status": "resolved"
  },
  "36 debug pnpm:progress": {
    "packageId": "registry.npmjs.org/eslint-config-airbnb-typescript/16.2.0",
    "requester": "/Users/luizfelipebolsonigomes/Development/Personal/test-ci-coverage-action",
    "status": "found_in_store"
  },
  "37 debug pnpm:_dependency_resolved": {
    "resolution": "registry.npmjs.org/eslint-plugin-react/7.30.0",
    "wanted": {
      "dependentId": ".",
      "name": "eslint-plugin-react",
      "rawSpec": "^7.27.1"
    }
  },
  "38 debug pnpm:progress": {
    "packageId": "registry.npmjs.org/eslint-plugin-react/7.30.0",
    "requester": "/Users/luizfelipebolsonigomes/Development/Personal/test-ci-coverage-action",
    "status": "resolved"
  },
  "39 debug pnpm:progress": {
    "packageId": "registry.npmjs.org/eslint-plugin-react/7.30.0",
    "requester": "/Users/luizfelipebolsonigomes/Development/Personal/test-ci-coverage-action",
    "status": "found_in_store"
  },
  "40 debug pnpm:_dependency_resolved": {
    "resolution": "registry.npmjs.org/eslint-plugin-eslint-comments/3.2.0",
    "wanted": {
      "dependentId": ".",
      "name": "eslint-plugin-eslint-comments",
      "rawSpec": "^3.2.0"
    }
  },
  "41 debug pnpm:progress": {
    "packageId": "registry.npmjs.org/eslint-plugin-eslint-comments/3.2.0",
    "requester": "/Users/luizfelipebolsonigomes/Development/Personal/test-ci-coverage-action",
    "status": "resolved"
  },
  "42 debug pnpm:_dependency_resolved": {
    "resolution": "registry.npmjs.org/eslint/8.18.0",
    "wanted": {
      "dependentId": ".",
      "name": "eslint",
      "rawSpec": "^8.4.1"
    }
  },
  "43 debug pnpm:progress": {
    "packageId": "registry.npmjs.org/eslint/8.18.0",
    "requester": "/Users/luizfelipebolsonigomes/Development/Personal/test-ci-coverage-action",
    "status": "resolved"
  },
  "44 error pnpm": {
    "code": "ERR_PNPM_NO_MATCHING_VERSION_INSIDE_WORKSPACE",
    "pkgsStack": [],
    "err": {
      "name": "pnpm",
      "message": "In : No matching version found for forc-bin@* inside the workspace",
      "code": "ERR_PNPM_NO_MATCHING_VERSION_INSIDE_WORKSPACE",
      "stack": "pnpm: In : No matching version found for forc-bin@* inside the workspace\n    at tryResolveFromWorkspace (/opt/homebrew/Cellar/pnpm/7.0.1/libexec/lib/node_modules/pnpm/dist/pnpm.cjs:84540:15)\n    at resolveNpm (/opt/homebrew/Cellar/pnpm/7.0.1/libexec/lib/node_modules/pnpm/dist/pnpm.cjs:84432:39)\n    at Object.resolve (/opt/homebrew/Cellar/pnpm/7.0.1/libexec/lib/node_modules/pnpm/dist/pnpm.cjs:84662:34)\n    at ctx.requestsQueue.add.priority (/opt/homebrew/Cellar/pnpm/7.0.1/libexec/lib/node_modules/pnpm/dist/pnpm.cjs:91358:75)\n    at run (/opt/homebrew/Cellar/pnpm/7.0.1/libexec/lib/node_modules/pnpm/dist/pnpm.cjs:91119:90)\n    at PQueue._tryToStartAnother (/opt/homebrew/Cellar/pnpm/7.0.1/libexec/lib/node_modules/pnpm/dist/pnpm.cjs:91073:13)\n    at PQueue._next (/opt/homebrew/Cellar/pnpm/7.0.1/libexec/lib/node_modules/pnpm/dist/pnpm.cjs:91022:14)\n    at run (/opt/homebrew/Cellar/pnpm/7.0.1/libexec/lib/node_modules/pnpm/dist/pnpm.cjs:91129:18)\n    at runMicrotasks (<anonymous>)\n    at processTicksAndRejections (node:internal/process/task_queues:96:5)"
    }
  },
  "45 debug pnpm:_dependency_resolved": {
    "resolution": "registry.npmjs.org/conventional-changelog-angular/5.0.13",
    "wanted": {
      "dependentId": ".",
      "name": "conventional-changelog-angular",
      "rawSpec": "^5.0.13"
    }
  },
  "46 debug pnpm:progress": {
    "packageId": "registry.npmjs.org/conventional-changelog-angular/5.0.13",
    "requester": "/Users/luizfelipebolsonigomes/Development/Personal/test-ci-coverage-action",
    "status": "resolved"
  }
}